<?xml version="1.0" encoding="UTF-8"?>
<testsuite xmlns:xsi="http://www.w3.org/2001/XMLSchema-instance" xsi:noNamespaceSchemaLocation="https://maven.apache.org/surefire/maven-surefire-plugin/xsd/surefire-test-report.xsd" name="com.board.game.mankala.RealToBotPlayingStrategyTest" time="3.671" tests="4" errors="0" skipped="0" failures="0">
  <properties>
    <property name="sun.desktop" value="gnome"/>
    <property name="awt.toolkit" value="sun.awt.X11.XToolkit"/>
    <property name="java.specification.version" value="11"/>
    <property name="sun.cpu.isalist" value=""/>
    <property name="sun.jnu.encoding" value="UTF-8"/>
    <property name="java.class.path" value="/home/mina/Documents/mankala-game/target/test-classes:/home/mina/Documents/mankala-game/target/classes:/home/mina/.m2/repository/org/springframework/boot/spring-boot-starter-data-rest/2.6.3/spring-boot-starter-data-rest-2.6.3.jar:/home/mina/.m2/repository/org/springframework/data/spring-data-rest-webmvc/3.6.1/spring-data-rest-webmvc-3.6.1.jar:/home/mina/.m2/repository/org/springframework/data/spring-data-rest-core/3.6.1/spring-data-rest-core-3.6.1.jar:/home/mina/.m2/repository/org/springframework/hateoas/spring-hateoas/1.4.1/spring-hateoas-1.4.1.jar:/home/mina/.m2/repository/org/springframework/data/spring-data-commons/2.6.1/spring-data-commons-2.6.1.jar:/home/mina/.m2/repository/org/springframework/plugin/spring-plugin-core/2.0.0.RELEASE/spring-plugin-core-2.0.0.RELEASE.jar:/home/mina/.m2/repository/org/atteo/evo-inflector/1.3/evo-inflector-1.3.jar:/home/mina/.m2/repository/com/fasterxml/jackson/core/jackson-databind/2.13.1/jackson-databind-2.13.1.jar:/home/mina/.m2/repository/com/fasterxml/jackson/core/jackson-core/2.13.1/jackson-core-2.13.1.jar:/home/mina/.m2/repository/com/fasterxml/jackson/core/jackson-annotations/2.13.1/jackson-annotations-2.13.1.jar:/home/mina/.m2/repository/org/slf4j/slf4j-api/1.7.33/slf4j-api-1.7.33.jar:/home/mina/.m2/repository/org/springframework/boot/spring-boot-starter-web/2.6.3/spring-boot-starter-web-2.6.3.jar:/home/mina/.m2/repository/org/springframework/boot/spring-boot-starter/2.6.3/spring-boot-starter-2.6.3.jar:/home/mina/.m2/repository/org/springframework/boot/spring-boot/2.6.3/spring-boot-2.6.3.jar:/home/mina/.m2/repository/org/springframework/boot/spring-boot-autoconfigure/2.6.3/spring-boot-autoconfigure-2.6.3.jar:/home/mina/.m2/repository/org/springframework/boot/spring-boot-starter-logging/2.6.3/spring-boot-starter-logging-2.6.3.jar:/home/mina/.m2/repository/ch/qos/logback/logback-classic/1.2.10/logback-classic-1.2.10.jar:/home/mina/.m2/repository/ch/qos/logback/logback-core/1.2.10/logback-core-1.2.10.jar:/home/mina/.m2/repository/org/apache/logging/log4j/log4j-to-slf4j/2.17.1/log4j-to-slf4j-2.17.1.jar:/home/mina/.m2/repository/org/apache/logging/log4j/log4j-api/2.17.1/log4j-api-2.17.1.jar:/home/mina/.m2/repository/org/slf4j/jul-to-slf4j/1.7.33/jul-to-slf4j-1.7.33.jar:/home/mina/.m2/repository/jakarta/annotation/jakarta.annotation-api/1.3.5/jakarta.annotation-api-1.3.5.jar:/home/mina/.m2/repository/org/yaml/snakeyaml/1.29/snakeyaml-1.29.jar:/home/mina/.m2/repository/org/springframework/boot/spring-boot-starter-json/2.6.3/spring-boot-starter-json-2.6.3.jar:/home/mina/.m2/repository/com/fasterxml/jackson/datatype/jackson-datatype-jdk8/2.13.1/jackson-datatype-jdk8-2.13.1.jar:/home/mina/.m2/repository/com/fasterxml/jackson/datatype/jackson-datatype-jsr310/2.13.1/jackson-datatype-jsr310-2.13.1.jar:/home/mina/.m2/repository/com/fasterxml/jackson/module/jackson-module-parameter-names/2.13.1/jackson-module-parameter-names-2.13.1.jar:/home/mina/.m2/repository/org/springframework/boot/spring-boot-starter-tomcat/2.6.3/spring-boot-starter-tomcat-2.6.3.jar:/home/mina/.m2/repository/org/apache/tomcat/embed/tomcat-embed-core/9.0.56/tomcat-embed-core-9.0.56.jar:/home/mina/.m2/repository/org/apache/tomcat/embed/tomcat-embed-websocket/9.0.56/tomcat-embed-websocket-9.0.56.jar:/home/mina/.m2/repository/org/springframework/spring-web/5.3.15/spring-web-5.3.15.jar:/home/mina/.m2/repository/org/springframework/spring-beans/5.3.15/spring-beans-5.3.15.jar:/home/mina/.m2/repository/org/springframework/spring-webmvc/5.3.15/spring-webmvc-5.3.15.jar:/home/mina/.m2/repository/org/springframework/spring-aop/5.3.15/spring-aop-5.3.15.jar:/home/mina/.m2/repository/org/springframework/spring-context/5.3.15/spring-context-5.3.15.jar:/home/mina/.m2/repository/org/springframework/spring-expression/5.3.15/spring-expression-5.3.15.jar:/home/mina/.m2/repository/org/projectlombok/lombok/1.18.22/lombok-1.18.22.jar:/home/mina/.m2/repository/org/springframework/boot/spring-boot-starter-data-redis/2.6.3/spring-boot-starter-data-redis-2.6.3.jar:/home/mina/.m2/repository/org/springframework/data/spring-data-redis/2.6.1/spring-data-redis-2.6.1.jar:/home/mina/.m2/repository/org/springframework/data/spring-data-keyvalue/2.6.1/spring-data-keyvalue-2.6.1.jar:/home/mina/.m2/repository/org/springframework/spring-tx/5.3.15/spring-tx-5.3.15.jar:/home/mina/.m2/repository/org/springframework/spring-oxm/5.3.15/spring-oxm-5.3.15.jar:/home/mina/.m2/repository/org/springframework/spring-context-support/5.3.15/spring-context-support-5.3.15.jar:/home/mina/.m2/repository/io/lettuce/lettuce-core/6.1.6.RELEASE/lettuce-core-6.1.6.RELEASE.jar:/home/mina/.m2/repository/io/netty/netty-common/4.1.73.Final/netty-common-4.1.73.Final.jar:/home/mina/.m2/repository/io/netty/netty-handler/4.1.73.Final/netty-handler-4.1.73.Final.jar:/home/mina/.m2/repository/io/netty/netty-resolver/4.1.73.Final/netty-resolver-4.1.73.Final.jar:/home/mina/.m2/repository/io/netty/netty-buffer/4.1.73.Final/netty-buffer-4.1.73.Final.jar:/home/mina/.m2/repository/io/netty/netty-codec/4.1.73.Final/netty-codec-4.1.73.Final.jar:/home/mina/.m2/repository/io/netty/netty-tcnative-classes/2.0.46.Final/netty-tcnative-classes-2.0.46.Final.jar:/home/mina/.m2/repository/io/netty/netty-transport/4.1.73.Final/netty-transport-4.1.73.Final.jar:/home/mina/.m2/repository/io/projectreactor/reactor-core/3.4.14/reactor-core-3.4.14.jar:/home/mina/.m2/repository/org/reactivestreams/reactive-streams/1.0.3/reactive-streams-1.0.3.jar:/home/mina/.m2/repository/it/ozimov/embedded-redis/0.7.2/embedded-redis-0.7.2.jar:/home/mina/.m2/repository/com/google/guava/guava/21.0/guava-21.0.jar:/home/mina/.m2/repository/commons-io/commons-io/2.5/commons-io-2.5.jar:/home/mina/.m2/repository/org/springframework/boot/spring-boot-starter-test/2.6.3/spring-boot-starter-test-2.6.3.jar:/home/mina/.m2/repository/org/springframework/boot/spring-boot-test/2.6.3/spring-boot-test-2.6.3.jar:/home/mina/.m2/repository/org/springframework/boot/spring-boot-test-autoconfigure/2.6.3/spring-boot-test-autoconfigure-2.6.3.jar:/home/mina/.m2/repository/com/jayway/jsonpath/json-path/2.6.0/json-path-2.6.0.jar:/home/mina/.m2/repository/net/minidev/json-smart/2.4.7/json-smart-2.4.7.jar:/home/mina/.m2/repository/net/minidev/accessors-smart/2.4.7/accessors-smart-2.4.7.jar:/home/mina/.m2/repository/org/ow2/asm/asm/9.1/asm-9.1.jar:/home/mina/.m2/repository/jakarta/xml/bind/jakarta.xml.bind-api/2.3.3/jakarta.xml.bind-api-2.3.3.jar:/home/mina/.m2/repository/jakarta/activation/jakarta.activation-api/1.2.2/jakarta.activation-api-1.2.2.jar:/home/mina/.m2/repository/org/hamcrest/hamcrest/2.2/hamcrest-2.2.jar:/home/mina/.m2/repository/org/mockito/mockito-core/4.0.0/mockito-core-4.0.0.jar:/home/mina/.m2/repository/net/bytebuddy/byte-buddy/1.11.22/byte-buddy-1.11.22.jar:/home/mina/.m2/repository/net/bytebuddy/byte-buddy-agent/1.11.22/byte-buddy-agent-1.11.22.jar:/home/mina/.m2/repository/org/objenesis/objenesis/3.2/objenesis-3.2.jar:/home/mina/.m2/repository/org/mockito/mockito-junit-jupiter/4.0.0/mockito-junit-jupiter-4.0.0.jar:/home/mina/.m2/repository/org/skyscreamer/jsonassert/1.5.0/jsonassert-1.5.0.jar:/home/mina/.m2/repository/com/vaadin/external/google/android-json/0.0.20131108.vaadin1/android-json-0.0.20131108.vaadin1.jar:/home/mina/.m2/repository/org/springframework/spring-core/5.3.15/spring-core-5.3.15.jar:/home/mina/.m2/repository/org/springframework/spring-jcl/5.3.15/spring-jcl-5.3.15.jar:/home/mina/.m2/repository/org/springframework/spring-test/5.3.15/spring-test-5.3.15.jar:/home/mina/.m2/repository/org/xmlunit/xmlunit-core/2.8.4/xmlunit-core-2.8.4.jar:/home/mina/.m2/repository/org/assertj/assertj-core/3.8.0/assertj-core-3.8.0.jar:/home/mina/.m2/repository/org/springframework/boot/spring-boot-starter-validation/2.6.3/spring-boot-starter-validation-2.6.3.jar:/home/mina/.m2/repository/org/apache/tomcat/embed/tomcat-embed-el/9.0.56/tomcat-embed-el-9.0.56.jar:/home/mina/.m2/repository/org/hibernate/validator/hibernate-validator/6.2.0.Final/hibernate-validator-6.2.0.Final.jar:/home/mina/.m2/repository/jakarta/validation/jakarta.validation-api/2.0.2/jakarta.validation-api-2.0.2.jar:/home/mina/.m2/repository/org/jboss/logging/jboss-logging/3.4.3.Final/jboss-logging-3.4.3.Final.jar:/home/mina/.m2/repository/com/fasterxml/classmate/1.5.1/classmate-1.5.1.jar:/home/mina/.m2/repository/org/apache/commons/commons-lang3/3.8.1/commons-lang3-3.8.1.jar:/home/mina/.m2/repository/junit/junit/4.13.2/junit-4.13.2.jar:/home/mina/.m2/repository/org/hamcrest/hamcrest-core/2.2/hamcrest-core-2.2.jar:/home/mina/.m2/repository/org/junit/jupiter/junit-jupiter/5.8.2/junit-jupiter-5.8.2.jar:/home/mina/.m2/repository/org/junit/jupiter/junit-jupiter-api/5.8.2/junit-jupiter-api-5.8.2.jar:/home/mina/.m2/repository/org/opentest4j/opentest4j/1.2.0/opentest4j-1.2.0.jar:/home/mina/.m2/repository/org/junit/platform/junit-platform-commons/1.8.2/junit-platform-commons-1.8.2.jar:/home/mina/.m2/repository/org/apiguardian/apiguardian-api/1.1.2/apiguardian-api-1.1.2.jar:/home/mina/.m2/repository/org/junit/jupiter/junit-jupiter-params/5.8.2/junit-jupiter-params-5.8.2.jar:/home/mina/.m2/repository/org/junit/jupiter/junit-jupiter-engine/5.8.2/junit-jupiter-engine-5.8.2.jar:/home/mina/.m2/repository/org/junit/platform/junit-platform-engine/1.8.2/junit-platform-engine-1.8.2.jar:"/>
    <property name="java.vm.vendor" value="Oracle Corporation"/>
    <property name="sun.arch.data.model" value="64"/>
    <property name="java.vendor.url" value="https://openjdk.java.net/"/>
    <property name="user.timezone" value=""/>
    <property name="java.vm.specification.version" value="11"/>
    <property name="os.name" value="Linux"/>
    <property name="sun.java.launcher" value="SUN_STANDARD"/>
    <property name="user.country" value="US"/>
    <property name="sun.boot.library.path" value="/home/mina/.sdkman/candidates/java/11.0.12-open/lib"/>
    <property name="sun.java.command" value="/home/mina/Documents/mankala-game/target/surefire/surefirebooter18175392057016306585.jar /home/mina/Documents/mankala-game/target/surefire 2022-02-11T11-04-41_519-jvmRun1 surefire13524821622918041506tmp surefire_09158854080726706395tmp"/>
    <property name="jdk.debug" value="release"/>
    <property name="surefire.test.class.path" value="/home/mina/Documents/mankala-game/target/test-classes:/home/mina/Documents/mankala-game/target/classes:/home/mina/.m2/repository/org/springframework/boot/spring-boot-starter-data-rest/2.6.3/spring-boot-starter-data-rest-2.6.3.jar:/home/mina/.m2/repository/org/springframework/data/spring-data-rest-webmvc/3.6.1/spring-data-rest-webmvc-3.6.1.jar:/home/mina/.m2/repository/org/springframework/data/spring-data-rest-core/3.6.1/spring-data-rest-core-3.6.1.jar:/home/mina/.m2/repository/org/springframework/hateoas/spring-hateoas/1.4.1/spring-hateoas-1.4.1.jar:/home/mina/.m2/repository/org/springframework/data/spring-data-commons/2.6.1/spring-data-commons-2.6.1.jar:/home/mina/.m2/repository/org/springframework/plugin/spring-plugin-core/2.0.0.RELEASE/spring-plugin-core-2.0.0.RELEASE.jar:/home/mina/.m2/repository/org/atteo/evo-inflector/1.3/evo-inflector-1.3.jar:/home/mina/.m2/repository/com/fasterxml/jackson/core/jackson-databind/2.13.1/jackson-databind-2.13.1.jar:/home/mina/.m2/repository/com/fasterxml/jackson/core/jackson-core/2.13.1/jackson-core-2.13.1.jar:/home/mina/.m2/repository/com/fasterxml/jackson/core/jackson-annotations/2.13.1/jackson-annotations-2.13.1.jar:/home/mina/.m2/repository/org/slf4j/slf4j-api/1.7.33/slf4j-api-1.7.33.jar:/home/mina/.m2/repository/org/springframework/boot/spring-boot-starter-web/2.6.3/spring-boot-starter-web-2.6.3.jar:/home/mina/.m2/repository/org/springframework/boot/spring-boot-starter/2.6.3/spring-boot-starter-2.6.3.jar:/home/mina/.m2/repository/org/springframework/boot/spring-boot/2.6.3/spring-boot-2.6.3.jar:/home/mina/.m2/repository/org/springframework/boot/spring-boot-autoconfigure/2.6.3/spring-boot-autoconfigure-2.6.3.jar:/home/mina/.m2/repository/org/springframework/boot/spring-boot-starter-logging/2.6.3/spring-boot-starter-logging-2.6.3.jar:/home/mina/.m2/repository/ch/qos/logback/logback-classic/1.2.10/logback-classic-1.2.10.jar:/home/mina/.m2/repository/ch/qos/logback/logback-core/1.2.10/logback-core-1.2.10.jar:/home/mina/.m2/repository/org/apache/logging/log4j/log4j-to-slf4j/2.17.1/log4j-to-slf4j-2.17.1.jar:/home/mina/.m2/repository/org/apache/logging/log4j/log4j-api/2.17.1/log4j-api-2.17.1.jar:/home/mina/.m2/repository/org/slf4j/jul-to-slf4j/1.7.33/jul-to-slf4j-1.7.33.jar:/home/mina/.m2/repository/jakarta/annotation/jakarta.annotation-api/1.3.5/jakarta.annotation-api-1.3.5.jar:/home/mina/.m2/repository/org/yaml/snakeyaml/1.29/snakeyaml-1.29.jar:/home/mina/.m2/repository/org/springframework/boot/spring-boot-starter-json/2.6.3/spring-boot-starter-json-2.6.3.jar:/home/mina/.m2/repository/com/fasterxml/jackson/datatype/jackson-datatype-jdk8/2.13.1/jackson-datatype-jdk8-2.13.1.jar:/home/mina/.m2/repository/com/fasterxml/jackson/datatype/jackson-datatype-jsr310/2.13.1/jackson-datatype-jsr310-2.13.1.jar:/home/mina/.m2/repository/com/fasterxml/jackson/module/jackson-module-parameter-names/2.13.1/jackson-module-parameter-names-2.13.1.jar:/home/mina/.m2/repository/org/springframework/boot/spring-boot-starter-tomcat/2.6.3/spring-boot-starter-tomcat-2.6.3.jar:/home/mina/.m2/repository/org/apache/tomcat/embed/tomcat-embed-core/9.0.56/tomcat-embed-core-9.0.56.jar:/home/mina/.m2/repository/org/apache/tomcat/embed/tomcat-embed-websocket/9.0.56/tomcat-embed-websocket-9.0.56.jar:/home/mina/.m2/repository/org/springframework/spring-web/5.3.15/spring-web-5.3.15.jar:/home/mina/.m2/repository/org/springframework/spring-beans/5.3.15/spring-beans-5.3.15.jar:/home/mina/.m2/repository/org/springframework/spring-webmvc/5.3.15/spring-webmvc-5.3.15.jar:/home/mina/.m2/repository/org/springframework/spring-aop/5.3.15/spring-aop-5.3.15.jar:/home/mina/.m2/repository/org/springframework/spring-context/5.3.15/spring-context-5.3.15.jar:/home/mina/.m2/repository/org/springframework/spring-expression/5.3.15/spring-expression-5.3.15.jar:/home/mina/.m2/repository/org/projectlombok/lombok/1.18.22/lombok-1.18.22.jar:/home/mina/.m2/repository/org/springframework/boot/spring-boot-starter-data-redis/2.6.3/spring-boot-starter-data-redis-2.6.3.jar:/home/mina/.m2/repository/org/springframework/data/spring-data-redis/2.6.1/spring-data-redis-2.6.1.jar:/home/mina/.m2/repository/org/springframework/data/spring-data-keyvalue/2.6.1/spring-data-keyvalue-2.6.1.jar:/home/mina/.m2/repository/org/springframework/spring-tx/5.3.15/spring-tx-5.3.15.jar:/home/mina/.m2/repository/org/springframework/spring-oxm/5.3.15/spring-oxm-5.3.15.jar:/home/mina/.m2/repository/org/springframework/spring-context-support/5.3.15/spring-context-support-5.3.15.jar:/home/mina/.m2/repository/io/lettuce/lettuce-core/6.1.6.RELEASE/lettuce-core-6.1.6.RELEASE.jar:/home/mina/.m2/repository/io/netty/netty-common/4.1.73.Final/netty-common-4.1.73.Final.jar:/home/mina/.m2/repository/io/netty/netty-handler/4.1.73.Final/netty-handler-4.1.73.Final.jar:/home/mina/.m2/repository/io/netty/netty-resolver/4.1.73.Final/netty-resolver-4.1.73.Final.jar:/home/mina/.m2/repository/io/netty/netty-buffer/4.1.73.Final/netty-buffer-4.1.73.Final.jar:/home/mina/.m2/repository/io/netty/netty-codec/4.1.73.Final/netty-codec-4.1.73.Final.jar:/home/mina/.m2/repository/io/netty/netty-tcnative-classes/2.0.46.Final/netty-tcnative-classes-2.0.46.Final.jar:/home/mina/.m2/repository/io/netty/netty-transport/4.1.73.Final/netty-transport-4.1.73.Final.jar:/home/mina/.m2/repository/io/projectreactor/reactor-core/3.4.14/reactor-core-3.4.14.jar:/home/mina/.m2/repository/org/reactivestreams/reactive-streams/1.0.3/reactive-streams-1.0.3.jar:/home/mina/.m2/repository/it/ozimov/embedded-redis/0.7.2/embedded-redis-0.7.2.jar:/home/mina/.m2/repository/com/google/guava/guava/21.0/guava-21.0.jar:/home/mina/.m2/repository/commons-io/commons-io/2.5/commons-io-2.5.jar:/home/mina/.m2/repository/org/springframework/boot/spring-boot-starter-test/2.6.3/spring-boot-starter-test-2.6.3.jar:/home/mina/.m2/repository/org/springframework/boot/spring-boot-test/2.6.3/spring-boot-test-2.6.3.jar:/home/mina/.m2/repository/org/springframework/boot/spring-boot-test-autoconfigure/2.6.3/spring-boot-test-autoconfigure-2.6.3.jar:/home/mina/.m2/repository/com/jayway/jsonpath/json-path/2.6.0/json-path-2.6.0.jar:/home/mina/.m2/repository/net/minidev/json-smart/2.4.7/json-smart-2.4.7.jar:/home/mina/.m2/repository/net/minidev/accessors-smart/2.4.7/accessors-smart-2.4.7.jar:/home/mina/.m2/repository/org/ow2/asm/asm/9.1/asm-9.1.jar:/home/mina/.m2/repository/jakarta/xml/bind/jakarta.xml.bind-api/2.3.3/jakarta.xml.bind-api-2.3.3.jar:/home/mina/.m2/repository/jakarta/activation/jakarta.activation-api/1.2.2/jakarta.activation-api-1.2.2.jar:/home/mina/.m2/repository/org/hamcrest/hamcrest/2.2/hamcrest-2.2.jar:/home/mina/.m2/repository/org/mockito/mockito-core/4.0.0/mockito-core-4.0.0.jar:/home/mina/.m2/repository/net/bytebuddy/byte-buddy/1.11.22/byte-buddy-1.11.22.jar:/home/mina/.m2/repository/net/bytebuddy/byte-buddy-agent/1.11.22/byte-buddy-agent-1.11.22.jar:/home/mina/.m2/repository/org/objenesis/objenesis/3.2/objenesis-3.2.jar:/home/mina/.m2/repository/org/mockito/mockito-junit-jupiter/4.0.0/mockito-junit-jupiter-4.0.0.jar:/home/mina/.m2/repository/org/skyscreamer/jsonassert/1.5.0/jsonassert-1.5.0.jar:/home/mina/.m2/repository/com/vaadin/external/google/android-json/0.0.20131108.vaadin1/android-json-0.0.20131108.vaadin1.jar:/home/mina/.m2/repository/org/springframework/spring-core/5.3.15/spring-core-5.3.15.jar:/home/mina/.m2/repository/org/springframework/spring-jcl/5.3.15/spring-jcl-5.3.15.jar:/home/mina/.m2/repository/org/springframework/spring-test/5.3.15/spring-test-5.3.15.jar:/home/mina/.m2/repository/org/xmlunit/xmlunit-core/2.8.4/xmlunit-core-2.8.4.jar:/home/mina/.m2/repository/org/assertj/assertj-core/3.8.0/assertj-core-3.8.0.jar:/home/mina/.m2/repository/org/springframework/boot/spring-boot-starter-validation/2.6.3/spring-boot-starter-validation-2.6.3.jar:/home/mina/.m2/repository/org/apache/tomcat/embed/tomcat-embed-el/9.0.56/tomcat-embed-el-9.0.56.jar:/home/mina/.m2/repository/org/hibernate/validator/hibernate-validator/6.2.0.Final/hibernate-validator-6.2.0.Final.jar:/home/mina/.m2/repository/jakarta/validation/jakarta.validation-api/2.0.2/jakarta.validation-api-2.0.2.jar:/home/mina/.m2/repository/org/jboss/logging/jboss-logging/3.4.3.Final/jboss-logging-3.4.3.Final.jar:/home/mina/.m2/repository/com/fasterxml/classmate/1.5.1/classmate-1.5.1.jar:/home/mina/.m2/repository/org/apache/commons/commons-lang3/3.8.1/commons-lang3-3.8.1.jar:/home/mina/.m2/repository/junit/junit/4.13.2/junit-4.13.2.jar:/home/mina/.m2/repository/org/hamcrest/hamcrest-core/2.2/hamcrest-core-2.2.jar:/home/mina/.m2/repository/org/junit/jupiter/junit-jupiter/5.8.2/junit-jupiter-5.8.2.jar:/home/mina/.m2/repository/org/junit/jupiter/junit-jupiter-api/5.8.2/junit-jupiter-api-5.8.2.jar:/home/mina/.m2/repository/org/opentest4j/opentest4j/1.2.0/opentest4j-1.2.0.jar:/home/mina/.m2/repository/org/junit/platform/junit-platform-commons/1.8.2/junit-platform-commons-1.8.2.jar:/home/mina/.m2/repository/org/apiguardian/apiguardian-api/1.1.2/apiguardian-api-1.1.2.jar:/home/mina/.m2/repository/org/junit/jupiter/junit-jupiter-params/5.8.2/junit-jupiter-params-5.8.2.jar:/home/mina/.m2/repository/org/junit/jupiter/junit-jupiter-engine/5.8.2/junit-jupiter-engine-5.8.2.jar:/home/mina/.m2/repository/org/junit/platform/junit-platform-engine/1.8.2/junit-platform-engine-1.8.2.jar:"/>
    <property name="sun.cpu.endian" value="little"/>
    <property name="user.home" value="/home/mina"/>
    <property name="user.language" value="en"/>
    <property name="java.specification.vendor" value="Oracle Corporation"/>
    <property name="java.version.date" value="2021-07-20"/>
    <property name="java.home" value="/home/mina/.sdkman/candidates/java/11.0.12-open"/>
    <property name="file.separator" value="/"/>
    <property name="basedir" value="/home/mina/Documents/mankala-game"/>
    <property name="java.vm.compressedOopsMode" value="Zero based"/>
    <property name="line.separator" value="&#10;"/>
    <property name="java.specification.name" value="Java Platform API Specification"/>
    <property name="java.vm.specification.vendor" value="Oracle Corporation"/>
    <property name="java.awt.graphicsenv" value="sun.awt.X11GraphicsEnvironment"/>
    <property name="surefire.real.class.path" value="/home/mina/Documents/mankala-game/target/surefire/surefirebooter18175392057016306585.jar"/>
    <property name="sun.management.compiler" value="HotSpot 64-Bit Tiered Compilers"/>
    <property name="java.runtime.version" value="11.0.12+7"/>
    <property name="user.name" value="mina"/>
    <property name="path.separator" value=":"/>
    <property name="os.version" value="5.8.0-63-generic"/>
    <property name="java.runtime.name" value="OpenJDK Runtime Environment"/>
    <property name="file.encoding" value="UTF-8"/>
    <property name="java.vm.name" value="OpenJDK 64-Bit Server VM"/>
    <property name="java.vendor.version" value="18.9"/>
    <property name="localRepository" value="/home/mina/.m2/repository"/>
    <property name="java.vendor.url.bug" value="https://bugreport.java.com/bugreport/"/>
    <property name="java.io.tmpdir" value="/tmp"/>
    <property name="idea.version" value="2021.1.3"/>
    <property name="java.version" value="11.0.12"/>
    <property name="user.dir" value="/home/mina/Documents/mankala-game"/>
    <property name="os.arch" value="amd64"/>
    <property name="java.vm.specification.name" value="Java Virtual Machine Specification"/>
    <property name="java.awt.printerjob" value="sun.print.PSPrinterJob"/>
    <property name="sun.os.patch.level" value="unknown"/>
    <property name="java.library.path" value="/usr/java/packages/lib:/usr/lib64:/lib64:/lib:/usr/lib"/>
    <property name="java.vm.info" value="mixed mode"/>
    <property name="java.vendor" value="Oracle Corporation"/>
    <property name="java.vm.version" value="11.0.12+7"/>
    <property name="sun.io.unicode.encoding" value="UnicodeLittle"/>
    <property name="java.class.version" value="55.0"/>
  </properties>
  <testcase name="when_real_player_move_should_not_get_extra_pit_from_bot" classname="com.board.game.mankala.RealToBotPlayingStrategyTest" time="0.521"/>
  <testcase name="when_bot_player_move_lead_to_get_extra_pit_from_real_1" classname="com.board.game.mankala.RealToBotPlayingStrategyTest" time="0.019"/>
  <testcase name="when_bot_player_move_lead_to_get_extra_pit_from_real_2" classname="com.board.game.mankala.RealToBotPlayingStrategyTest" time="0.016"/>
  <testcase name="when_real_player_move_lead_to_get_extra_pit_from_bot_1" classname="com.board.game.mankala.RealToBotPlayingStrategyTest" time="0.019"/>
</testsuite>